<?xml version="1.0" encoding="UTF-8"?>
<testsuite xmlns:xsi="http://www.w3.org/2001/XMLSchema-instance" xsi:noNamespaceSchemaLocation="https://maven.apache.org/surefire/maven-surefire-plugin/xsd/surefire-test-report-3.0.xsd" version="3.0" name="fit5171.monash.edu.PersonTest" time="0.026" tests="13" errors="0" skipped="0" failures="0">
  <properties>
[...]
</properties>
  <testcase name="testDefaultConstructorAndSetters" classname="fit5171.monash.edu.PersonTest" time="0.007"/>
  <testcase name="testLeadingWhitespaceNameRejected" classname="fit5171.monash.edu.PersonTest" time="0.001"/>
  <testcase name="testSecondNameValidationInConstructor" classname="fit5171.monash.edu.PersonTest" time="0.001"/>
  <testcase name="testNameValidationInConstructor" classname="fit5171.monash.edu.PersonTest" time="0.0"/>
  <testcase name="testToStringContainsFields" classname="fit5171.monash.edu.PersonTest" time="0.003"/>
  <testcase name="testValidConstructorAndGetters" classname="fit5171.monash.edu.PersonTest" time="0.0"/>
  <testcase name="testAgeZeroAccepted" classname="fit5171.monash.edu.PersonTest" time="0.001"/>
  <testcase name="testGenderValidationInConstructor" classname="fit5171.monash.edu.PersonTest" time="0.001"/>
  <testcase name="testAllowedGendersAreAccepted" classname="fit5171.monash.edu.PersonTest" time="0.0"/>
  <testcase name="testLowercaseNamesAccepted" classname="fit5171.monash.edu.PersonTest" time="0.0"/>
  <testcase name="testAgeValidationInConstructor" classname="fit5171.monash.edu.PersonTest" time="0.001"/>
  <testcase name="testTrailingWhitespaceNameAccepted" classname="fit5171.monash.edu.PersonTest" time="0.0"/>
  <testcase name="testSetterValidations" classname="fit5171.monash.edu.PersonTest" time="0.0"/>
</testsuite>