<?xml version="1.0" encoding="UTF-8"?>
<testsuite xmlns:xsi="http://www.w3.org/2001/XMLSchema-instance" xsi:noNamespaceSchemaLocation="https://maven.apache.org/surefire/maven-surefire-plugin/xsd/surefire-test-report-3.0.xsd" version="3.0" name="fit5171.monash.edu.AirplaneTest" time="0.011" tests="10" errors="0" skipped="0" failures="0">
  <properties>
[...]
</properties>
  <testcase name="testZeroSeatAllowed" classname="fit5171.monash.edu.AirplaneTest" time="0.002"/>
  <testcase name="testModelValidation" classname="fit5171.monash.edu.AirplaneTest" time="0.001"/>
  <testcase name="testSetterValidation" classname="fit5171.monash.edu.AirplaneTest" time="0.001"/>
  <testcase name="testSettersAndGetters" classname="fit5171.monash.edu.AirplaneTest" time="0.0"/>
  <testcase name="testGetAirPlaneInfoStub" classname="fit5171.monash.edu.AirplaneTest" time="0.001"/>
  <testcase name="testSeatMapMutability" classname="fit5171.monash.edu.AirplaneTest" time="0.001"/>
  <testcase name="testToStringContainsFields" classname="fit5171.monash.edu.AirplaneTest" time="0.003"/>
  <testcase name="testSeatCountValidation" classname="fit5171.monash.edu.AirplaneTest" time="0.001"/>
  <testcase name="testValidAirplaneCreation" classname="fit5171.monash.edu.AirplaneTest" time="0.001"/>
  <testcase name="testAirplaneIDValidation" classname="fit5171.monash.edu.AirplaneTest" time="0.0"/>
</testsuite>